0 info it worked if it ends with ok
1 verbose cli [ 'C:\\Program Files\\nodejs\\node.exe',
1 verbose cli   'C:\\Program Files\\nodejs\\node_modules\\npm\\bin\\npm-cli.js',
1 verbose cli   'start' ]
2 info using npm@3.10.10
3 info using node@v6.11.5
4 verbose run-script [ 'prestart', 'start', 'poststart' ]
5 info lifecycle cousteau@1.0.0~prestart: cousteau@1.0.0
6 silly lifecycle cousteau@1.0.0~prestart: no script for prestart, continuing
7 info lifecycle cousteau@1.0.0~start: cousteau@1.0.0
8 verbose lifecycle cousteau@1.0.0~start: unsafe-perm in lifecycle true
9 verbose lifecycle cousteau@1.0.0~start: PATH: C:\Users\riley\AppData\Roaming\nvm\v6.11.5\node_modules\npm\bin\node-gyp-bin;C:\Users\riley\Documents\_git\cousteau\node_modules\.bin;C:\Program Files\Git\mingw64\bin;C:\Program Files\Git\usr\bin;C:\Users\riley\bin;C:\ProgramData\DockerDesktop\version-bin;C:\Program Files\Docker\Docker\Resources\bin;C:\windows\system32;C:\windows;C:\windows\System32\Wbem;C:\windows\System32\WindowsPowerShell\v1.0;C:\windows\System32\OpenSSH;C:\Program Files (x86)\Intel\Intel(R) Management Engine Components\DAL;C:\Program Files\Intel\Intel(R) Management Engine Components\DAL;C:\Program Files (x86)\Intel\Intel(R) Management Engine Components\IPT;C:\Program Files\Intel\Intel(R) Management Engine Components\IPT;C:\Users\riley\AppData\Roaming\nvm;C:\Program Files\nodejs;C:\Program Files (x86)\NVIDIA Corporation\PhysX\Common;C:\Program Files\Intel\WiFi\bin;C:\Program Files\Common Files\Intel\WirelessCommon;C:\Users\riley\.dnx\bin;C:\Program Files\Microsoft DNX\Dnvm;C:\Program Files\Microsoft SQL Server\130\Tools\Binn;C:\Program Files\NVIDIA Corporation\NVIDIA NvDLISR;C:\Program Files\Git\cmd;C:\Users\riley\.windows-build-tools\python27;C:\Users\riley\AppData\Roaming\nvm\v11.5.0\node_modules\npm\node_modules\npm-lifecycle\node-gyp-bin;C:\Program Files\nodejs\node_modules\windows-build-tools\node_modules\.bin;C:\Program Files\nodejs\node_modules\.bin;C:\ProgramData\DockerDesktop\version-bin;C:\Program Files\Docker\Docker\Resources\bin;C:\windows\system32;C:\windows;C:\windows\System32\Wbem;C:\windows\System32\WindowsPowerShell\v1.0;C:\windows\System32\OpenSSH;C:\Program Files (x86)\Intel\Intel(R) Management Engine Components\DAL;C:\Program Files\Intel\Intel(R) Management Engine Components\DAL;C:\Program Files (x86)\Intel\Intel(R) Management Engine Components\IPT;C:\Program Files\Intel\Intel(R) Management Engine Components\IPT;C:\Users\riley\AppData\Roaming\nvm;C:\Program Files\nodejs;C:\Program Files\Git\cmd;C:\Program Files (x86)\NVIDIA Corporation\PhysX\Common;C:\Program Files\Intel\WiFi\bin;C:\Program Files\Common Files\Intel\WirelessCommon;C:\Users\riley\AppData\Local\Microsoft\WindowsApps;C:\Users\riley\AppData\Local\Programs\Microsoft VS Code\bin;C:\Program Files\heroku\bin;C:\Users\riley\AppData\Local\hyper\app-2.1.2\resources\bin
10 verbose lifecycle cousteau@1.0.0~start: CWD: C:\Users\riley\Documents\_git\cousteau
11 silly lifecycle cousteau@1.0.0~start: Args: [ '/d /s /c', 'npm run css-watch' ]
12 silly lifecycle cousteau@1.0.0~start: Returned: code: 1  signal: null
13 info lifecycle cousteau@1.0.0~start: Failed to exec start script
14 verbose stack Error: cousteau@1.0.0 start: `npm run css-watch`
14 verbose stack Exit status 1
14 verbose stack     at EventEmitter.<anonymous> (C:\Users\riley\AppData\Roaming\nvm\v6.11.5\node_modules\npm\lib\utils\lifecycle.js:255:16)
14 verbose stack     at emitTwo (events.js:106:13)
14 verbose stack     at EventEmitter.emit (events.js:191:7)
14 verbose stack     at ChildProcess.<anonymous> (C:\Users\riley\AppData\Roaming\nvm\v6.11.5\node_modules\npm\lib\utils\spawn.js:40:14)
14 verbose stack     at emitTwo (events.js:106:13)
14 verbose stack     at ChildProcess.emit (events.js:191:7)
14 verbose stack     at maybeClose (internal/child_process.js:920:16)
14 verbose stack     at Process.ChildProcess._handle.onexit (internal/child_process.js:230:5)
15 verbose pkgid cousteau@1.0.0
16 verbose cwd C:\Users\riley\Documents\_git\cousteau
17 error Windows_NT 10.0.17134
18 error argv "C:\\Program Files\\nodejs\\node.exe" "C:\\Program Files\\nodejs\\node_modules\\npm\\bin\\npm-cli.js" "start"
19 error node v6.11.5
20 error npm  v3.10.10
21 error code ELIFECYCLE
22 error cousteau@1.0.0 start: `npm run css-watch`
22 error Exit status 1
23 error Failed at the cousteau@1.0.0 start script 'npm run css-watch'.
23 error Make sure you have the latest version of node.js and npm installed.
23 error If you do, this is most likely a problem with the cousteau package,
23 error not with npm itself.
23 error Tell the author that this fails on your system:
23 error     npm run css-watch
23 error You can get information on how to open an issue for this project with:
23 error     npm bugs cousteau
23 error Or if that isn't available, you can get their info via:
23 error     npm owner ls cousteau
23 error There is likely additional logging output above.
24 verbose exit [ 1, true ]
